2020-10-13 15:34:52 [DEBUG] Singup.js: Into handleSubmit
2020-10-13 15:34:52 [DEBUG] Singup.js: Into handleValidation
2020-10-13 15:34:52 [DEBUG] Singup.js: End handleValidation
2020-10-13 15:34:52 [DEBUG] Singup.js: End handleSubmit
2020-10-13 15:34:50 [DEBUG] project.js: calling unstarred stable sort with value of orderBy=view
2020-10-13 15:34:51 [DEBUG] project.js: calling unstarred stable sort with value of orderBy=view
2020-10-13 15:34:52 [DEBUG] project.js: calling unstarred stable sort with value of orderBy=view
2020-10-13 15:34:52 [DEBUG] project.js: calling starred to be unstarred and viceversa
2020-10-13 15:34:52 [DEBUG] project.js: calling unstarred stable sort with value of orderBy=view
2020-10-13 15:34:52 [DEBUG] project.js: calling unstarred stable sort with value of orderBy=view
2020-10-13 15:34:53 [DEBUG] project.js: calling unstarred stable sort with value of orderBy=view
2020-10-13 15:34:53 [DEBUG] project.js: calling unstarred stable sort with value of orderBy=view
2020-10-13 15:34:54 [DEBUG] project.js: calling unstarred stable sort with value of orderBy=view
2020-10-13 15:34:54 [DEBUG] project.js: calling starred to be unstarred and viceversa
2020-10-13 15:34:54 [DEBUG] project.js: calling unstarred stable sort with value of orderBy=view
2020-10-13 15:34:54 [DEBUG] project.js: calling unstarred stable sort with value of orderBy=view
2020-10-13 15:34:54 [DEBUG] project.js: calling unstarred stable sort with value of orderBy=view
2020-10-13 15:34:54 [DEBUG] project.js: calling starred stable sort with value of orderBy=name
2020-10-13 15:34:54 [DEBUG] project.js: calling starred stable sort with value of orderBy=name
2020-10-13 15:36:16 [DEBUG] Singup.js: Into handleSubmit
2020-10-13 15:36:16 [DEBUG] Singup.js: Into handleValidation
2020-10-13 15:36:16 [DEBUG] Singup.js: End handleValidation
2020-10-13 15:36:16 [DEBUG] Singup.js: End handleSubmit
2020-10-13 15:36:13 [DEBUG] project.js: calling unstarred stable sort with value of orderBy=view
2020-10-13 15:36:13 [DEBUG] project.js: calling unstarred stable sort with value of orderBy=view
2020-10-13 15:36:14 [DEBUG] project.js: calling unstarred stable sort with value of orderBy=view
2020-10-13 15:36:14 [DEBUG] project.js: calling starred to be unstarred and viceversa
2020-10-13 15:36:14 [DEBUG] project.js: calling unstarred stable sort with value of orderBy=view
2020-10-13 15:36:15 [DEBUG] project.js: calling unstarred stable sort with value of orderBy=view
2020-10-13 15:36:16 [DEBUG] project.js: calling unstarred stable sort with value of orderBy=view
2020-10-13 15:36:16 [DEBUG] project.js: calling unstarred stable sort with value of orderBy=view
2020-10-13 15:36:17 [DEBUG] project.js: calling unstarred stable sort with value of orderBy=view
2020-10-13 15:36:17 [DEBUG] project.js: calling starred to be unstarred and viceversa
2020-10-13 15:36:17 [DEBUG] project.js: calling unstarred stable sort with value of orderBy=view
2020-10-13 15:36:17 [DEBUG] project.js: calling unstarred stable sort with value of orderBy=view
2020-10-13 15:36:17 [DEBUG] project.js: calling unstarred stable sort with value of orderBy=view
2020-10-13 15:36:17 [DEBUG] project.js: calling starred stable sort with value of orderBy=name
2020-10-13 15:36:18 [DEBUG] project.js: calling starred stable sort with value of orderBy=name
2020-10-13 15:37:42 [DEBUG] Singup.js: Into handleSubmit
2020-10-13 15:37:42 [DEBUG] Singup.js: Into handleValidation
2020-10-13 15:37:42 [DEBUG] Singup.js: End handleValidation
2020-10-13 15:37:42 [DEBUG] Singup.js: End handleSubmit
2020-10-13 15:37:41 [DEBUG] project.js: calling unstarred stable sort with value of orderBy=view
2020-10-13 15:37:41 [DEBUG] project.js: calling unstarred stable sort with value of orderBy=view
2020-10-13 15:37:42 [DEBUG] project.js: calling unstarred stable sort with value of orderBy=view
2020-10-13 15:37:42 [DEBUG] project.js: calling starred to be unstarred and viceversa
2020-10-13 15:37:42 [DEBUG] project.js: calling unstarred stable sort with value of orderBy=view
2020-10-13 15:37:43 [DEBUG] project.js: calling unstarred stable sort with value of orderBy=view
2020-10-13 15:37:43 [DEBUG] project.js: calling unstarred stable sort with value of orderBy=view
2020-10-13 15:37:43 [DEBUG] project.js: calling unstarred stable sort with value of orderBy=view
2020-10-13 15:37:44 [DEBUG] project.js: calling unstarred stable sort with value of orderBy=view
2020-10-13 15:37:44 [DEBUG] project.js: calling starred to be unstarred and viceversa
2020-10-13 15:37:44 [DEBUG] project.js: calling unstarred stable sort with value of orderBy=view
2020-10-13 15:37:44 [DEBUG] project.js: calling unstarred stable sort with value of orderBy=view
2020-10-13 15:37:44 [DEBUG] project.js: calling unstarred stable sort with value of orderBy=view
2020-10-13 15:37:44 [DEBUG] project.js: calling starred stable sort with value of orderBy=name
2020-10-13 15:37:44 [DEBUG] project.js: calling starred stable sort with value of orderBy=name
2020-10-13 15:39:14 [DEBUG] Singup.js: Into handleSubmit
2020-10-13 15:39:14 [DEBUG] Singup.js: Into handleValidation
2020-10-13 15:39:14 [DEBUG] Singup.js: End handleValidation
2020-10-13 15:39:14 [DEBUG] Singup.js: End handleSubmit
2020-10-13 15:39:11 [DEBUG] project.js: calling unstarred stable sort with value of orderBy=view
2020-10-13 15:39:12 [DEBUG] project.js: calling unstarred stable sort with value of orderBy=view
2020-10-13 15:39:12 [DEBUG] project.js: calling unstarred stable sort with value of orderBy=view
2020-10-13 15:39:13 [DEBUG] project.js: calling starred to be unstarred and viceversa
2020-10-13 15:39:13 [DEBUG] project.js: calling unstarred stable sort with value of orderBy=view
2020-10-13 15:39:14 [DEBUG] project.js: calling unstarred stable sort with value of orderBy=view
2020-10-13 15:39:14 [DEBUG] project.js: calling unstarred stable sort with value of orderBy=view
2020-10-13 15:39:15 [DEBUG] project.js: calling unstarred stable sort with value of orderBy=view
2020-10-13 15:39:15 [DEBUG] project.js: calling unstarred stable sort with value of orderBy=view
2020-10-13 15:39:15 [DEBUG] project.js: calling starred to be unstarred and viceversa
2020-10-13 15:39:15 [DEBUG] project.js: calling unstarred stable sort with value of orderBy=view
2020-10-13 15:39:16 [DEBUG] project.js: calling unstarred stable sort with value of orderBy=view
2020-10-13 15:39:16 [DEBUG] project.js: calling unstarred stable sort with value of orderBy=view
2020-10-13 15:39:16 [DEBUG] project.js: calling starred stable sort with value of orderBy=name
2020-10-13 15:39:16 [DEBUG] project.js: calling starred stable sort with value of orderBy=name
2020-10-13 15:40:31 [DEBUG] Singup.js: Into handleSubmit
2020-10-13 15:40:31 [DEBUG] Singup.js: Into handleValidation
2020-10-13 15:40:31 [DEBUG] Singup.js: End handleValidation
2020-10-13 15:40:31 [DEBUG] Singup.js: End handleSubmit
2020-10-13 15:40:29 [DEBUG] project.js: calling unstarred stable sort with value of orderBy=view
2020-10-13 15:40:29 [DEBUG] project.js: calling unstarred stable sort with value of orderBy=view
2020-10-13 15:40:30 [DEBUG] project.js: calling unstarred stable sort with value of orderBy=view
2020-10-13 15:40:30 [DEBUG] project.js: calling starred to be unstarred and viceversa
2020-10-13 15:40:30 [DEBUG] project.js: calling unstarred stable sort with value of orderBy=view
2020-10-13 15:40:31 [DEBUG] project.js: calling unstarred stable sort with value of orderBy=view
2020-10-13 15:40:31 [DEBUG] project.js: calling unstarred stable sort with value of orderBy=view
2020-10-13 15:40:31 [DEBUG] project.js: calling unstarred stable sort with value of orderBy=view
2020-10-13 15:40:32 [DEBUG] project.js: calling unstarred stable sort with value of orderBy=view
2020-10-13 15:40:32 [DEBUG] project.js: calling starred to be unstarred and viceversa
2020-10-13 15:40:32 [DEBUG] project.js: calling unstarred stable sort with value of orderBy=view
2020-10-13 15:40:32 [DEBUG] project.js: calling unstarred stable sort with value of orderBy=view
2020-10-13 15:40:32 [DEBUG] project.js: calling unstarred stable sort with value of orderBy=view
2020-10-13 15:40:32 [DEBUG] project.js: calling starred stable sort with value of orderBy=name
2020-10-13 15:40:32 [DEBUG] project.js: calling starred stable sort with value of orderBy=name
2020-10-13 15:41:04 [DEBUG] Singup.js: Into handleSubmit
2020-10-13 15:41:04 [DEBUG] Singup.js: Into handleValidation
2020-10-13 15:41:04 [DEBUG] Singup.js: End handleValidation
2020-10-13 15:41:04 [DEBUG] Singup.js: End handleSubmit
2020-10-13 15:41:02 [DEBUG] project.js: calling unstarred stable sort with value of orderBy=view
2020-10-13 15:41:02 [DEBUG] project.js: calling unstarred stable sort with value of orderBy=view
2020-10-13 15:41:03 [DEBUG] project.js: calling unstarred stable sort with value of orderBy=view
2020-10-13 15:41:03 [DEBUG] project.js: calling starred to be unstarred and viceversa
2020-10-13 15:41:03 [DEBUG] project.js: calling unstarred stable sort with value of orderBy=view
2020-10-13 15:41:04 [DEBUG] project.js: calling unstarred stable sort with value of orderBy=view
2020-10-13 15:41:04 [DEBUG] project.js: calling unstarred stable sort with value of orderBy=view
2020-10-13 15:41:04 [DEBUG] project.js: calling unstarred stable sort with value of orderBy=view
2020-10-13 15:41:05 [DEBUG] project.js: calling unstarred stable sort with value of orderBy=view
2020-10-13 15:41:05 [DEBUG] project.js: calling starred to be unstarred and viceversa
2020-10-13 15:41:05 [DEBUG] project.js: calling unstarred stable sort with value of orderBy=view
2020-10-13 15:41:05 [DEBUG] project.js: calling unstarred stable sort with value of orderBy=view
2020-10-13 15:41:05 [DEBUG] project.js: calling unstarred stable sort with value of orderBy=view
2020-10-13 15:41:05 [DEBUG] project.js: calling starred stable sort with value of orderBy=name
2020-10-13 15:41:05 [DEBUG] project.js: calling starred stable sort with value of orderBy=name
2020-10-13 15:42:22 [DEBUG] Singup.js: Into handleSubmit
2020-10-13 15:42:22 [DEBUG] Singup.js: Into handleValidation
2020-10-13 15:42:22 [DEBUG] Singup.js: End handleValidation
2020-10-13 15:42:22 [DEBUG] Singup.js: End handleSubmit
2020-10-13 15:42:20 [DEBUG] project.js: calling unstarred stable sort with value of orderBy=view
2020-10-13 15:42:21 [DEBUG] project.js: calling unstarred stable sort with value of orderBy=view
2020-10-13 15:42:21 [DEBUG] project.js: calling unstarred stable sort with value of orderBy=view
2020-10-13 15:42:21 [DEBUG] project.js: calling starred to be unstarred and viceversa
2020-10-13 15:42:22 [DEBUG] project.js: calling unstarred stable sort with value of orderBy=view
2020-10-13 15:42:22 [DEBUG] project.js: calling unstarred stable sort with value of orderBy=view
2020-10-13 15:42:23 [DEBUG] project.js: calling unstarred stable sort with value of orderBy=view
2020-10-13 15:42:23 [DEBUG] project.js: calling unstarred stable sort with value of orderBy=view
2020-10-13 15:42:23 [DEBUG] project.js: calling unstarred stable sort with value of orderBy=view
2020-10-13 15:42:23 [DEBUG] project.js: calling starred to be unstarred and viceversa
2020-10-13 15:42:23 [DEBUG] project.js: calling unstarred stable sort with value of orderBy=view
2020-10-13 15:42:24 [DEBUG] project.js: calling unstarred stable sort with value of orderBy=view
2020-10-13 15:42:24 [DEBUG] project.js: calling unstarred stable sort with value of orderBy=view
2020-10-13 15:42:24 [DEBUG] project.js: calling starred stable sort with value of orderBy=name
2020-10-13 15:42:24 [DEBUG] project.js: calling starred stable sort with value of orderBy=name
